<?xml version="1.0" encoding="UTF-8"?>
<!-- Generated by org.testng.reporters.JUnitXMLReporter -->
<testsuite ignored="1" hostname="DESKTOP-QVM6J4J" failures="0" tests="2" name="Test" time="0.053" errors="0" timestamp="2024-01-10T09:23:33 IST">
  <testcase classname="com.Utility.BaseClass" name="@BeforeMethod setUp" time="-1.70485881393E9">
    <failure type="org.testng.TestNGException" message="
Parameter &amp;apos;BrowserName&amp;apos; is required by BeforeMethod on method setUp but has not been marked @Optional or defined
in C:\Users\Dell\eclipse-workspace\Batch22_AutomationFramework\MasteSuite.xml">
      <![CDATA[org.testng.TestNGException: 
Parameter 'BrowserName' is required by BeforeMethod on method setUp but has not been marked @Optional or defined
in C:\Users\Dell\eclipse-workspace\Batch22_AutomationFramework\MasteSuite.xml
at java.base/java.util.ArrayList.forEach(ArrayList.java:1540)
... Removed 28 stack frames]]>
    </failure>
  </testcase> <!-- @BeforeMethod setUp -->
  <testcase classname="com.Utility.BaseClass" name="@AfterMethod tearDown" time="-1.704858813946E9">
    <skipped/>
  </testcase> <!-- @AfterMethod tearDown -->
  <testcase classname="com.Utility.BaseClass" name="@BeforeMethod setUp" time="-1.704858813951E9">
    <failure type="org.testng.TestNGException" message="
Parameter &amp;apos;BrowserName&amp;apos; is required by BeforeMethod on method setUp but has not been marked @Optional or defined
in C:\Users\Dell\eclipse-workspace\Batch22_AutomationFramework\MasteSuite.xml">
      <![CDATA[org.testng.TestNGException: 
Parameter 'BrowserName' is required by BeforeMethod on method setUp but has not been marked @Optional or defined
in C:\Users\Dell\eclipse-workspace\Batch22_AutomationFramework\MasteSuite.xml
at java.base/java.util.ArrayList.forEach(ArrayList.java:1540)
... Removed 28 stack frames]]>
    </failure>
  </testcase> <!-- @BeforeMethod setUp -->
  <testcase classname="com.Utility.BaseClass" name="@AfterMethod tearDown" time="-1.704858813959E9">
    <skipped/>
  </testcase> <!-- @AfterMethod tearDown -->
  <testcase classname="com.Test.VerifyLoginTest" name="verify_TC001" time="0.0">
    <skipped/>
  </testcase> <!-- verify_TC001 -->
  <testcase classname="com.Test.VerifyHomepageTest" name="veriftTC_002" time="0.0">
    <skipped/>
  </testcase> <!-- veriftTC_002 -->
  <testcase classname="com.Utility.BaseClass" name="@BeforeSuite BS" time="0.0">
    <ignored/>
  </testcase> <!-- @BeforeSuite BS -->
</testsuite> <!-- Test -->
